0 info it worked if it ends with ok
1 verbose cli [ '/usr/bin/nodejs', '/usr/bin/npm', 'install' ]
2 info using npm@3.5.2
3 info using node@v4.2.6
4 silly loadCurrentTree Starting
5 silly install loadCurrentTree
6 silly install readLocalPackageData
7 silly install normalizeTree
8 silly loadCurrentTree Finishing
9 silly loadIdealTree Starting
10 silly install loadIdealTree
11 silly cloneCurrentTree Starting
12 silly install cloneCurrentTreeToIdealTree
13 silly cloneCurrentTree Finishing
14 silly loadShrinkwrap Starting
15 silly install loadShrinkwrap
16 silly loadShrinkwrap Finishing
17 silly loadAllDepsIntoIdealTree Starting
18 silly install loadAllDepsIntoIdealTree
19 silly fetchNamedPackageData oracledb
20 silly mapToRegistry name oracledb
21 silly mapToRegistry using default registry
22 silly mapToRegistry registry https://registry.npmjs.org/
23 silly mapToRegistry uri https://registry.npmjs.org/oracledb
24 verbose request uri https://registry.npmjs.org/oracledb
25 verbose request no auth needed
26 info attempt registry request try #1 at 12:57:33 AM
27 verbose request id e0aae4ececbd9989
28 verbose etag W/"7a31d122fa9296459b7da2b4fae6b845"
29 verbose lastModified Fri, 08 Jun 2018 06:36:01 GMT
30 http request GET https://registry.npmjs.org/oracledb
31 http 304 https://registry.npmjs.org/oracledb
32 verbose headers { date: 'Tue, 12 Jun 2018 06:07:37 GMT',
32 verbose headers   connection: 'keep-alive',
32 verbose headers   'set-cookie': [ '__cfduid=d71400a8babe808a6bc0beb626a5ae09e1528783657; expires=Wed, 12-Jun-19 06:07:37 GMT; path=/; domain=.registry.npmjs.org; HttpOnly' ],
32 verbose headers   'cache-control': 'max-age=300',
32 verbose headers   'cf-cache-status': 'HIT',
32 verbose headers   'cf-ray': '429a23632e62587f-DFW',
32 verbose headers   etag: '"7a31d122fa9296459b7da2b4fae6b845"',
32 verbose headers   'expect-ct': 'max-age=604800, report-uri="https://report-uri.cloudflare.com/cdn-cgi/beacon/expect-ct"',
32 verbose headers   'last-modified': 'Fri, 08 Jun 2018 06:36:01 GMT',
32 verbose headers   vary: 'accept-encoding, accept',
32 verbose headers   server: 'cloudflare' }
33 silly get cb [ 304,
33 silly get   { date: 'Tue, 12 Jun 2018 06:07:37 GMT',
33 silly get     connection: 'keep-alive',
33 silly get     'set-cookie': [ '__cfduid=d71400a8babe808a6bc0beb626a5ae09e1528783657; expires=Wed, 12-Jun-19 06:07:37 GMT; path=/; domain=.registry.npmjs.org; HttpOnly' ],
33 silly get     'cache-control': 'max-age=300',
33 silly get     'cf-cache-status': 'HIT',
33 silly get     'cf-ray': '429a23632e62587f-DFW',
33 silly get     etag: '"7a31d122fa9296459b7da2b4fae6b845"',
33 silly get     'expect-ct': 'max-age=604800, report-uri="https://report-uri.cloudflare.com/cdn-cgi/beacon/expect-ct"',
33 silly get     'last-modified': 'Fri, 08 Jun 2018 06:36:01 GMT',
33 silly get     vary: 'accept-encoding, accept',
33 silly get     server: 'cloudflare' } ]
34 verbose etag https://registry.npmjs.org/oracledb from cache
35 verbose get saving oracledb to /home/sebastian/.npm/registry.npmjs.org/oracledb/.cache.json
36 silly resolveWithNewModule oracledb@2.3.0 checking installable status
37 silly cache add args [ 'oracledb@^2.3.0', null ]
38 verbose cache add spec oracledb@^2.3.0
39 silly cache add parsed spec Result {
39 silly cache add   raw: 'oracledb@^2.3.0',
39 silly cache add   scope: null,
39 silly cache add   name: 'oracledb',
39 silly cache add   rawSpec: '^2.3.0',
39 silly cache add   spec: '>=2.3.0 <3.0.0',
39 silly cache add   type: 'range' }
40 silly addNamed oracledb@>=2.3.0 <3.0.0
41 verbose addNamed ">=2.3.0 <3.0.0" is a valid semver range for oracledb
42 silly addNameRange { name: 'oracledb', range: '>=2.3.0 <3.0.0', hasData: false }
43 silly mapToRegistry name oracledb
44 silly mapToRegistry using default registry
45 silly mapToRegistry registry https://registry.npmjs.org/
46 silly mapToRegistry uri https://registry.npmjs.org/oracledb
47 verbose addNameRange registry:https://registry.npmjs.org/oracledb not in flight; fetching
48 verbose get https://registry.npmjs.org/oracledb not expired, no request
49 silly addNameRange number 2 { name: 'oracledb', range: '>=2.3.0 <3.0.0', hasData: true }
50 silly addNameRange versions [ 'oracledb',
50 silly addNameRange   [ '0.2.4',
50 silly addNameRange     '0.3.1',
50 silly addNameRange     '0.4.1',
50 silly addNameRange     '0.4.2',
50 silly addNameRange     '0.5.0',
50 silly addNameRange     '0.6.0',
50 silly addNameRange     '0.7.0',
50 silly addNameRange     '1.0.0',
50 silly addNameRange     '1.1.0',
50 silly addNameRange     '1.2.0',
50 silly addNameRange     '1.3.0',
50 silly addNameRange     '1.4.0',
50 silly addNameRange     '1.5.0',
50 silly addNameRange     '1.6.0',
50 silly addNameRange     '1.7.0',
50 silly addNameRange     '1.7.1',
50 silly addNameRange     '1.8.0',
50 silly addNameRange     '1.9.1',
50 silly addNameRange     '1.9.2',
50 silly addNameRange     '1.9.3',
50 silly addNameRange     '1.10.0',
50 silly addNameRange     '1.10.1',
50 silly addNameRange     '1.11.0',
50 silly addNameRange     '1.12.2',
50 silly addNameRange     '1.13.0',
50 silly addNameRange     '1.13.1',
50 silly addNameRange     '2.0.14',
50 silly addNameRange     '2.0.15',
50 silly addNameRange     '2.1.0',
50 silly addNameRange     '2.1.1',
50 silly addNameRange     '2.1.2',
50 silly addNameRange     '2.2.0',
50 silly addNameRange     '2.3.0' ] ]
51 silly addNamed oracledb@2.3.0
52 verbose addNamed "2.3.0" is a plain semver version for oracledb
53 silly cache afterAdd oracledb@2.3.0
54 verbose afterAdd /home/sebastian/.npm/oracledb/2.3.0/package/package.json not in flight; writing
55 verbose afterAdd /home/sebastian/.npm/oracledb/2.3.0/package/package.json written
56 silly loadAllDepsIntoIdealTree Finishing
57 silly idealTree:prePrune web-db@1.0.0
57 silly idealTree:prePrune ├── accepts@1.3.5
57 silly idealTree:prePrune ├── array-flatten@1.1.1
57 silly idealTree:prePrune ├── body-parser@1.18.2
57 silly idealTree:prePrune ├── bytes@3.0.0
57 silly idealTree:prePrune ├── content-disposition@0.5.2
57 silly idealTree:prePrune ├── content-type@1.0.4
57 silly idealTree:prePrune ├── cookie-signature@1.0.6
57 silly idealTree:prePrune ├── cookie@0.3.1
57 silly idealTree:prePrune ├── debug@2.6.9
57 silly idealTree:prePrune ├── depd@1.1.2
57 silly idealTree:prePrune ├── destroy@1.0.4
57 silly idealTree:prePrune ├── ee-first@1.1.1
57 silly idealTree:prePrune ├── encodeurl@1.0.2
57 silly idealTree:prePrune ├── escape-html@1.0.3
57 silly idealTree:prePrune ├── etag@1.8.1
57 silly idealTree:prePrune ├── express@4.16.3
57 silly idealTree:prePrune ├── finalhandler@1.1.1
57 silly idealTree:prePrune ├── forwarded@0.1.2
57 silly idealTree:prePrune ├── fresh@0.5.2
57 silly idealTree:prePrune ├── http-errors@1.6.3
57 silly idealTree:prePrune ├── iconv-lite@0.4.19
57 silly idealTree:prePrune ├── inherits@2.0.3
57 silly idealTree:prePrune ├── ipaddr.js@1.6.0
57 silly idealTree:prePrune ├── media-typer@0.3.0
57 silly idealTree:prePrune ├── merge-descriptors@1.0.1
57 silly idealTree:prePrune ├── methods@1.1.2
57 silly idealTree:prePrune ├── mime-db@1.33.0
57 silly idealTree:prePrune ├── mime-types@2.1.18
57 silly idealTree:prePrune ├── mime@1.4.1
57 silly idealTree:prePrune ├── ms@2.0.0
57 silly idealTree:prePrune ├── negotiator@0.6.1
57 silly idealTree:prePrune ├── on-finished@2.3.0
57 silly idealTree:prePrune ├── oracledb@2.3.0
57 silly idealTree:prePrune ├── parseurl@1.3.2
57 silly idealTree:prePrune ├── path-to-regexp@0.1.7
57 silly idealTree:prePrune ├── proxy-addr@2.0.3
57 silly idealTree:prePrune ├── qs@6.5.1
57 silly idealTree:prePrune ├── range-parser@1.2.0
57 silly idealTree:prePrune ├─┬ raw-body@2.3.2
57 silly idealTree:prePrune │ ├── depd@1.1.1
57 silly idealTree:prePrune │ ├── http-errors@1.6.2
57 silly idealTree:prePrune │ └── setprototypeof@1.0.3
57 silly idealTree:prePrune ├── safe-buffer@5.1.1
57 silly idealTree:prePrune ├── send@0.16.2
57 silly idealTree:prePrune ├── serve-static@1.13.2
57 silly idealTree:prePrune ├── setprototypeof@1.1.0
57 silly idealTree:prePrune ├── statuses@1.4.0
57 silly idealTree:prePrune ├── type-is@1.6.16
57 silly idealTree:prePrune ├── unpipe@1.0.0
57 silly idealTree:prePrune ├── utils-merge@1.0.1
57 silly idealTree:prePrune └── vary@1.1.2
58 silly loadIdealTree Finishing
59 silly currentTree web-db@1.0.0
59 silly currentTree ├── accepts@1.3.5
59 silly currentTree ├── array-flatten@1.1.1
59 silly currentTree ├── body-parser@1.18.2
59 silly currentTree ├── bytes@3.0.0
59 silly currentTree ├── content-disposition@0.5.2
59 silly currentTree ├── content-type@1.0.4
59 silly currentTree ├── cookie-signature@1.0.6
59 silly currentTree ├── cookie@0.3.1
59 silly currentTree ├── debug@2.6.9
59 silly currentTree ├── depd@1.1.2
59 silly currentTree ├── destroy@1.0.4
59 silly currentTree ├── ee-first@1.1.1
59 silly currentTree ├── encodeurl@1.0.2
59 silly currentTree ├── escape-html@1.0.3
59 silly currentTree ├── etag@1.8.1
59 silly currentTree ├── express@4.16.3
59 silly currentTree ├── finalhandler@1.1.1
59 silly currentTree ├── forwarded@0.1.2
59 silly currentTree ├── fresh@0.5.2
59 silly currentTree ├── http-errors@1.6.3
59 silly currentTree ├── iconv-lite@0.4.19
59 silly currentTree ├── inherits@2.0.3
59 silly currentTree ├── ipaddr.js@1.6.0
59 silly currentTree ├── media-typer@0.3.0
59 silly currentTree ├── merge-descriptors@1.0.1
59 silly currentTree ├── methods@1.1.2
59 silly currentTree ├── mime-db@1.33.0
59 silly currentTree ├── mime-types@2.1.18
59 silly currentTree ├── mime@1.4.1
59 silly currentTree ├── ms@2.0.0
59 silly currentTree ├── negotiator@0.6.1
59 silly currentTree ├── on-finished@2.3.0
59 silly currentTree ├── parseurl@1.3.2
59 silly currentTree ├── path-to-regexp@0.1.7
59 silly currentTree ├── proxy-addr@2.0.3
59 silly currentTree ├── qs@6.5.1
59 silly currentTree ├── range-parser@1.2.0
59 silly currentTree ├─┬ raw-body@2.3.2
59 silly currentTree │ ├── depd@1.1.1
59 silly currentTree │ ├── http-errors@1.6.2
59 silly currentTree │ └── setprototypeof@1.0.3
59 silly currentTree ├── safe-buffer@5.1.1
59 silly currentTree ├── send@0.16.2
59 silly currentTree ├── serve-static@1.13.2
59 silly currentTree ├── setprototypeof@1.1.0
59 silly currentTree ├── statuses@1.4.0
59 silly currentTree ├── type-is@1.6.16
59 silly currentTree ├── unpipe@1.0.0
59 silly currentTree ├── utils-merge@1.0.1
59 silly currentTree └── vary@1.1.2
60 silly idealTree web-db@1.0.0
60 silly idealTree ├── accepts@1.3.5
60 silly idealTree ├── array-flatten@1.1.1
60 silly idealTree ├── body-parser@1.18.2
60 silly idealTree ├── bytes@3.0.0
60 silly idealTree ├── content-disposition@0.5.2
60 silly idealTree ├── content-type@1.0.4
60 silly idealTree ├── cookie-signature@1.0.6
60 silly idealTree ├── cookie@0.3.1
60 silly idealTree ├── debug@2.6.9
60 silly idealTree ├── depd@1.1.2
60 silly idealTree ├── destroy@1.0.4
60 silly idealTree ├── ee-first@1.1.1
60 silly idealTree ├── encodeurl@1.0.2
60 silly idealTree ├── escape-html@1.0.3
60 silly idealTree ├── etag@1.8.1
60 silly idealTree ├── express@4.16.3
60 silly idealTree ├── finalhandler@1.1.1
60 silly idealTree ├── forwarded@0.1.2
60 silly idealTree ├── fresh@0.5.2
60 silly idealTree ├── http-errors@1.6.3
60 silly idealTree ├── iconv-lite@0.4.19
60 silly idealTree ├── inherits@2.0.3
60 silly idealTree ├── ipaddr.js@1.6.0
60 silly idealTree ├── media-typer@0.3.0
60 silly idealTree ├── merge-descriptors@1.0.1
60 silly idealTree ├── methods@1.1.2
60 silly idealTree ├── mime-db@1.33.0
60 silly idealTree ├── mime-types@2.1.18
60 silly idealTree ├── mime@1.4.1
60 silly idealTree ├── ms@2.0.0
60 silly idealTree ├── negotiator@0.6.1
60 silly idealTree ├── on-finished@2.3.0
60 silly idealTree ├── oracledb@2.3.0
60 silly idealTree ├── parseurl@1.3.2
60 silly idealTree ├── path-to-regexp@0.1.7
60 silly idealTree ├── proxy-addr@2.0.3
60 silly idealTree ├── qs@6.5.1
60 silly idealTree ├── range-parser@1.2.0
60 silly idealTree ├─┬ raw-body@2.3.2
60 silly idealTree │ ├── depd@1.1.1
60 silly idealTree │ ├── http-errors@1.6.2
60 silly idealTree │ └── setprototypeof@1.0.3
60 silly idealTree ├── safe-buffer@5.1.1
60 silly idealTree ├── send@0.16.2
60 silly idealTree ├── serve-static@1.13.2
60 silly idealTree ├── setprototypeof@1.1.0
60 silly idealTree ├── statuses@1.4.0
60 silly idealTree ├── type-is@1.6.16
60 silly idealTree ├── unpipe@1.0.0
60 silly idealTree ├── utils-merge@1.0.1
60 silly idealTree └── vary@1.1.2
61 silly generateActionsToTake Starting
62 silly install generateActionsToTake
63 silly generateActionsToTake Finishing
64 silly diffTrees action count 1
65 silly diffTrees add oracledb@2.3.0
66 silly decomposeActions action count 8
67 silly decomposeActions fetch oracledb@2.3.0
68 silly decomposeActions extract oracledb@2.3.0
69 silly decomposeActions test oracledb@2.3.0
70 silly decomposeActions preinstall oracledb@2.3.0
71 silly decomposeActions build oracledb@2.3.0
72 silly decomposeActions install oracledb@2.3.0
73 silly decomposeActions postinstall oracledb@2.3.0
74 silly decomposeActions finalize oracledb@2.3.0
75 silly executeActions Starting
76 silly install executeActions
77 silly doSerial global-install 0
78 silly doParallel fetch 1
79 verbose lock using /home/sebastian/.npm/_locks/staging-930b5b19a145f891.lock for /home/sebastian/Documents/proyectoBases/web/node_modules/.staging
80 silly doParallel extract 1
81 silly extract oracledb@2.3.0
82 verbose unbuild node_modules/.staging/oracledb-27beca56
83 silly gentlyRm /home/sebastian/Documents/proyectoBases/web/node_modules/.staging/oracledb-27beca56 is being purged from base /home/sebastian/Documents/proyectoBases/web
84 verbose gentlyRm don't care about contents; nuking /home/sebastian/Documents/proyectoBases/web/node_modules/.staging/oracledb-27beca56
85 verbose tar unpack /home/sebastian/.npm/oracledb/2.3.0/package.tgz
86 verbose tar unpacking to /home/sebastian/Documents/proyectoBases/web/node_modules/.staging/oracledb-27beca56
87 silly gentlyRm /home/sebastian/Documents/proyectoBases/web/node_modules/.staging/oracledb-27beca56 is being purged
88 verbose gentlyRm don't care about contents; nuking /home/sebastian/Documents/proyectoBases/web/node_modules/.staging/oracledb-27beca56
89 silly gunzTarPerm modes [ '775', '664' ]
90 silly gunzTarPerm extractEntry package.json
91 silly gunzTarPerm modified mode [ 'package.json', 420, 436 ]
92 silly gunzTarPerm extractEntry binding.gyp
93 silly gunzTarPerm modified mode [ 'binding.gyp', 420, 436 ]
94 silly gunzTarPerm extractEntry CHANGELOG.md
95 silly gunzTarPerm modified mode [ 'CHANGELOG.md', 420, 436 ]
96 silly gunzTarPerm extractEntry index.js
97 silly gunzTarPerm modified mode [ 'index.js', 420, 436 ]
98 silly gunzTarPerm extractEntry LICENSE.md
99 silly gunzTarPerm modified mode [ 'LICENSE.md', 420, 436 ]
100 silly gunzTarPerm extractEntry README.md
101 silly gunzTarPerm modified mode [ 'README.md', 420, 436 ]
102 silly gunzTarPerm extractEntry lib/connection.js
103 silly gunzTarPerm modified mode [ 'lib/connection.js', 420, 436 ]
104 silly gunzTarPerm extractEntry lib/lob.js
105 silly gunzTarPerm modified mode [ 'lib/lob.js', 420, 436 ]
106 silly gunzTarPerm extractEntry lib/oracledb.js
107 silly gunzTarPerm modified mode [ 'lib/oracledb.js', 420, 436 ]
108 silly gunzTarPerm extractEntry lib/pool.js
109 silly gunzTarPerm modified mode [ 'lib/pool.js', 420, 436 ]
110 silly gunzTarPerm extractEntry lib/querystream.js
111 silly gunzTarPerm modified mode [ 'lib/querystream.js', 420, 436 ]
112 silly gunzTarPerm extractEntry lib/rel.txt
113 silly gunzTarPerm modified mode [ 'lib/rel.txt', 420, 436 ]
114 silly gunzTarPerm extractEntry lib/resultset.js
115 silly gunzTarPerm modified mode [ 'lib/resultset.js', 420, 436 ]
116 silly gunzTarPerm extractEntry lib/util.js
117 silly gunzTarPerm modified mode [ 'lib/util.js', 420, 436 ]
118 silly gunzTarPerm extractEntry odpi/embed/dpi.c
119 silly gunzTarPerm modified mode [ 'odpi/embed/dpi.c', 420, 436 ]
120 silly gunzTarPerm extractEntry odpi/embed/README.md
121 silly gunzTarPerm modified mode [ 'odpi/embed/README.md', 420, 436 ]
122 silly gunzTarPerm extractEntry odpi/include/dpi.h
123 silly gunzTarPerm modified mode [ 'odpi/include/dpi.h', 420, 436 ]
124 silly gunzTarPerm extractEntry odpi/LICENSE.md
125 silly gunzTarPerm modified mode [ 'odpi/LICENSE.md', 420, 436 ]
126 silly gunzTarPerm extractEntry odpi/README.md
127 silly gunzTarPerm modified mode [ 'odpi/README.md', 420, 436 ]
128 silly gunzTarPerm extractEntry odpi/src/dpiConn.c
129 silly gunzTarPerm modified mode [ 'odpi/src/dpiConn.c', 420, 436 ]
130 silly gunzTarPerm extractEntry odpi/src/dpiContext.c
131 silly gunzTarPerm modified mode [ 'odpi/src/dpiContext.c', 420, 436 ]
132 silly gunzTarPerm extractEntry odpi/src/dpiData.c
133 silly gunzTarPerm modified mode [ 'odpi/src/dpiData.c', 420, 436 ]
134 silly gunzTarPerm extractEntry odpi/src/dpiDebug.c
135 silly gunzTarPerm modified mode [ 'odpi/src/dpiDebug.c', 420, 436 ]
136 silly gunzTarPerm extractEntry odpi/src/dpiDeqOptions.c
137 silly gunzTarPerm modified mode [ 'odpi/src/dpiDeqOptions.c', 420, 436 ]
138 silly gunzTarPerm extractEntry odpi/src/dpiEnqOptions.c
139 silly gunzTarPerm modified mode [ 'odpi/src/dpiEnqOptions.c', 420, 436 ]
140 silly gunzTarPerm extractEntry odpi/src/dpiEnv.c
141 silly gunzTarPerm modified mode [ 'odpi/src/dpiEnv.c', 420, 436 ]
142 silly gunzTarPerm extractEntry odpi/src/dpiError.c
143 silly gunzTarPerm modified mode [ 'odpi/src/dpiError.c', 420, 436 ]
144 silly gunzTarPerm extractEntry odpi/src/dpiErrorMessages.h
145 silly gunzTarPerm modified mode [ 'odpi/src/dpiErrorMessages.h', 420, 436 ]
146 silly gunzTarPerm extractEntry odpi/src/dpiGen.c
147 silly gunzTarPerm modified mode [ 'odpi/src/dpiGen.c', 420, 436 ]
148 silly gunzTarPerm extractEntry odpi/src/dpiGlobal.c
149 silly gunzTarPerm modified mode [ 'odpi/src/dpiGlobal.c', 420, 436 ]
150 silly gunzTarPerm extractEntry odpi/src/dpiHandleList.c
151 silly gunzTarPerm modified mode [ 'odpi/src/dpiHandleList.c', 420, 436 ]
152 silly gunzTarPerm extractEntry odpi/src/dpiHandlePool.c
153 silly gunzTarPerm modified mode [ 'odpi/src/dpiHandlePool.c', 420, 436 ]
154 silly gunzTarPerm extractEntry odpi/src/dpiImpl.h
155 silly gunzTarPerm modified mode [ 'odpi/src/dpiImpl.h', 420, 436 ]
156 silly gunzTarPerm extractEntry odpi/src/dpiLob.c
157 silly gunzTarPerm modified mode [ 'odpi/src/dpiLob.c', 420, 436 ]
158 silly gunzTarPerm extractEntry odpi/src/dpiMsgProps.c
159 silly gunzTarPerm modified mode [ 'odpi/src/dpiMsgProps.c', 420, 436 ]
160 silly gunzTarPerm extractEntry odpi/src/dpiObject.c
161 silly gunzTarPerm modified mode [ 'odpi/src/dpiObject.c', 420, 436 ]
162 silly gunzTarPerm extractEntry odpi/src/dpiObjectAttr.c
163 silly gunzTarPerm modified mode [ 'odpi/src/dpiObjectAttr.c', 420, 436 ]
164 silly gunzTarPerm extractEntry odpi/src/dpiObjectType.c
165 silly gunzTarPerm modified mode [ 'odpi/src/dpiObjectType.c', 420, 436 ]
166 silly gunzTarPerm extractEntry odpi/src/dpiOci.c
167 silly gunzTarPerm modified mode [ 'odpi/src/dpiOci.c', 420, 436 ]
168 silly gunzTarPerm extractEntry odpi/src/dpiOracleType.c
169 silly gunzTarPerm modified mode [ 'odpi/src/dpiOracleType.c', 420, 436 ]
170 silly gunzTarPerm extractEntry odpi/src/dpiPool.c
171 silly gunzTarPerm modified mode [ 'odpi/src/dpiPool.c', 420, 436 ]
172 silly gunzTarPerm extractEntry odpi/src/dpiRowid.c
173 silly gunzTarPerm modified mode [ 'odpi/src/dpiRowid.c', 420, 436 ]
174 silly gunzTarPerm extractEntry odpi/src/dpiStmt.c
175 silly gunzTarPerm modified mode [ 'odpi/src/dpiStmt.c', 420, 436 ]
176 silly gunzTarPerm extractEntry odpi/src/dpiSubscr.c
177 silly gunzTarPerm modified mode [ 'odpi/src/dpiSubscr.c', 420, 436 ]
178 silly gunzTarPerm extractEntry odpi/src/dpiUtils.c
179 silly gunzTarPerm modified mode [ 'odpi/src/dpiUtils.c', 420, 436 ]
180 silly gunzTarPerm extractEntry odpi/src/dpiVar.c
181 silly gunzTarPerm modified mode [ 'odpi/src/dpiVar.c', 420, 436 ]
182 silly gunzTarPerm extractEntry package/createpackage.js
183 silly gunzTarPerm modified mode [ 'package/createpackage.js', 420, 436 ]
184 silly gunzTarPerm extractEntry package/extractpackage.js
185 silly gunzTarPerm modified mode [ 'package/extractpackage.js', 420, 436 ]
186 silly gunzTarPerm extractEntry package/getversion.js
187 silly gunzTarPerm modified mode [ 'package/getversion.js', 420, 436 ]
188 silly gunzTarPerm extractEntry package/Makefile
189 silly gunzTarPerm modified mode [ 'package/Makefile', 420, 436 ]
190 silly gunzTarPerm extractEntry package/MAKEPKG.BAT
191 silly gunzTarPerm modified mode [ 'package/MAKEPKG.BAT', 420, 436 ]
192 silly gunzTarPerm extractEntry package/oracledbinstall.js
193 silly gunzTarPerm modified mode [ 'package/oracledbinstall.js', 420, 436 ]
194 silly gunzTarPerm extractEntry package/package.json
195 silly gunzTarPerm modified mode [ 'package/package.json', 420, 436 ]
196 silly gunzTarPerm extractEntry package/README.md
197 silly gunzTarPerm modified mode [ 'package/README.md', 420, 436 ]
198 silly gunzTarPerm extractEntry package/util.js
199 silly gunzTarPerm modified mode [ 'package/util.js', 420, 436 ]
200 silly gunzTarPerm extractEntry src/njsCommon.cpp
201 silly gunzTarPerm modified mode [ 'src/njsCommon.cpp', 420, 436 ]
202 silly gunzTarPerm extractEntry src/njsCommon.h
203 silly gunzTarPerm modified mode [ 'src/njsCommon.h', 420, 436 ]
204 silly gunzTarPerm extractEntry src/njsConnection.cpp
205 silly gunzTarPerm modified mode [ 'src/njsConnection.cpp', 420, 436 ]
206 silly gunzTarPerm extractEntry src/njsConnection.h
207 silly gunzTarPerm modified mode [ 'src/njsConnection.h', 420, 436 ]
208 silly gunzTarPerm extractEntry src/njsIntLob.cpp
209 silly gunzTarPerm modified mode [ 'src/njsIntLob.cpp', 420, 436 ]
210 silly gunzTarPerm extractEntry src/njsIntLob.h
211 silly gunzTarPerm modified mode [ 'src/njsIntLob.h', 420, 436 ]
212 silly gunzTarPerm extractEntry src/njsMessages.cpp
213 silly gunzTarPerm modified mode [ 'src/njsMessages.cpp', 420, 436 ]
214 silly gunzTarPerm extractEntry src/njsMessages.h
215 silly gunzTarPerm modified mode [ 'src/njsMessages.h', 420, 436 ]
216 silly gunzTarPerm extractEntry src/njsOracle.cpp
217 silly gunzTarPerm modified mode [ 'src/njsOracle.cpp', 420, 436 ]
218 silly gunzTarPerm extractEntry src/njsOracle.h
219 silly gunzTarPerm modified mode [ 'src/njsOracle.h', 420, 436 ]
220 silly gunzTarPerm extractEntry src/njsPool.cpp
221 silly gunzTarPerm modified mode [ 'src/njsPool.cpp', 420, 436 ]
222 silly gunzTarPerm extractEntry src/njsPool.h
223 silly gunzTarPerm modified mode [ 'src/njsPool.h', 420, 436 ]
224 silly gunzTarPerm extractEntry src/njsResultSet.cpp
225 silly gunzTarPerm modified mode [ 'src/njsResultSet.cpp', 420, 436 ]
226 silly gunzTarPerm extractEntry src/njsResultSet.h
227 silly gunzTarPerm modified mode [ 'src/njsResultSet.h', 420, 436 ]
228 silly gunzTarPerm extractEntry src/njsSubscription.cpp
229 silly gunzTarPerm modified mode [ 'src/njsSubscription.cpp', 420, 436 ]
230 silly gunzTarPerm extractEntry src/njsSubscription.h
231 silly gunzTarPerm modified mode [ 'src/njsSubscription.h', 420, 436 ]
232 silly gentlyRm /home/sebastian/Documents/proyectoBases/web/node_modules/.staging/oracledb-27beca56/node_modules is being purged
233 verbose gentlyRm don't care about contents; nuking /home/sebastian/Documents/proyectoBases/web/node_modules/.staging/oracledb-27beca56/node_modules
234 silly doParallel preinstall 1
235 silly preinstall oracledb@2.3.0 /home/sebastian/Documents/proyectoBases/web/node_modules/.staging/oracledb-27beca56
236 info lifecycle oracledb@2.3.0~preinstall: oracledb@2.3.0
237 silly lifecycle oracledb@2.3.0~preinstall: no script for preinstall, continuing
238 silly doReverseSerial remove 0
239 silly doSerial move 0
240 silly doSerial finalize 1
241 silly finalize /home/sebastian/Documents/proyectoBases/web/node_modules/oracledb
242 silly doSerial build 1
243 silly build oracledb@2.3.0
244 info linkStuff oracledb@2.3.0
245 silly linkStuff oracledb@2.3.0 has /home/sebastian/Documents/proyectoBases/web/node_modules as its parent node_modules
246 verbose linkBins oracledb@2.3.0
247 verbose linkMans oracledb@2.3.0
248 silly doSerial global-link 0
249 silly doParallel update-linked 0
250 silly doSerial install 1
251 silly install oracledb@2.3.0 /home/sebastian/Documents/proyectoBases/web/node_modules/.staging/oracledb-27beca56
252 info lifecycle oracledb@2.3.0~install: oracledb@2.3.0
253 verbose lifecycle oracledb@2.3.0~install: unsafe-perm in lifecycle true
254 verbose lifecycle oracledb@2.3.0~install: PATH: /usr/share/npm/bin/node-gyp-bin:/home/sebastian/Documents/proyectoBases/web/node_modules/oracledb/node_modules/.bin:/home/sebastian/Documents/proyectoBases/web/node_modules/.bin:/u01/app/oracle/product/12.1.0/dbhome_1/bin:/home/sebastian/bin:/home/sebastian/.local/bin:/usr/local/sbin:/usr/local/bin:/usr/sbin:/usr/bin:/sbin:/bin:/usr/games:/usr/local/games:/snap/bin
255 verbose lifecycle oracledb@2.3.0~install: CWD: /home/sebastian/Documents/proyectoBases/web/node_modules/oracledb
256 silly lifecycle oracledb@2.3.0~install: Args: [ '-c', 'node package/oracledbinstall.js' ]
257 silly lifecycle oracledb@2.3.0~install: Returned: code: 87  signal: null
258 info lifecycle oracledb@2.3.0~install: Failed to exec install script
259 verbose unlock done using /home/sebastian/.npm/_locks/staging-930b5b19a145f891.lock for /home/sebastian/Documents/proyectoBases/web/node_modules/.staging
260 silly rollbackFailedOptional Starting
261 silly rollbackFailedOptional Finishing
262 silly runTopLevelLifecycles Starting
263 silly runTopLevelLifecycles Finishing
264 silly install printInstalled
265 warn web-db@1.0.0 No description
266 warn web-db@1.0.0 No repository field.
267 verbose stack Error: oracledb@2.3.0 install: `node package/oracledbinstall.js`
267 verbose stack Exit status 87
267 verbose stack     at EventEmitter.<anonymous> (/usr/share/npm/lib/utils/lifecycle.js:232:16)
267 verbose stack     at emitTwo (events.js:87:13)
267 verbose stack     at EventEmitter.emit (events.js:172:7)
267 verbose stack     at ChildProcess.<anonymous> (/usr/share/npm/lib/utils/spawn.js:24:14)
267 verbose stack     at emitTwo (events.js:87:13)
267 verbose stack     at ChildProcess.emit (events.js:172:7)
267 verbose stack     at maybeClose (internal/child_process.js:821:16)
267 verbose stack     at Process.ChildProcess._handle.onexit (internal/child_process.js:211:5)
268 verbose pkgid oracledb@2.3.0
269 verbose cwd /home/sebastian/Documents/proyectoBases/web
270 error Linux 4.13.0-38-generic
271 error argv "/usr/bin/nodejs" "/usr/bin/npm" "install"
272 error node v4.2.6
273 error npm  v3.5.2
274 error code ELIFECYCLE
275 error oracledb@2.3.0 install: `node package/oracledbinstall.js`
275 error Exit status 87
276 error Failed at the oracledb@2.3.0 install script 'node package/oracledbinstall.js'.
276 error Make sure you have the latest version of node.js and npm installed.
276 error If you do, this is most likely a problem with the oracledb package,
276 error not with npm itself.
276 error Tell the author that this fails on your system:
276 error     node package/oracledbinstall.js
276 error You can get information on how to open an issue for this project with:
276 error     npm bugs oracledb
276 error Or if that isn't available, you can get their info via:
276 error     npm owner ls oracledb
276 error There is likely additional logging output above.
277 verbose exit [ 1, true ]
